2017/01/26 11:28:07 INFO  - jmeter.util.JMeterUtils: Setting Locale to ru_RU 
2017/01/26 11:28:07 ERROR - jmeter.util.JMeterUtils: Could not find resources for 'ru_RU' 
2017/01/26 11:28:07 INFO  - jmeter.JMeter: Loading user properties from: C:\test\apache-jmeter-3.0\bin\user.properties 
2017/01/26 11:28:07 INFO  - jmeter.JMeter: Loading system properties from: C:\test\apache-jmeter-3.0\bin\system.properties 
2017/01/26 11:28:07 INFO  - jmeter.JMeter: Copyright (c) 1998-2016 The Apache Software Foundation 
2017/01/26 11:28:07 INFO  - jmeter.JMeter: Version 3.0 r1743807 
2017/01/26 11:28:07 INFO  - jmeter.JMeter: java.version=1.8.0_111 
2017/01/26 11:28:07 INFO  - jmeter.JMeter: java.vm.name=Java HotSpot(TM) 64-Bit Server VM 
2017/01/26 11:28:07 INFO  - jmeter.JMeter: os.name=Windows 10 
2017/01/26 11:28:07 INFO  - jmeter.JMeter: os.arch=amd64 
2017/01/26 11:28:07 INFO  - jmeter.JMeter: os.version=10.0 
2017/01/26 11:28:07 INFO  - jmeter.JMeter: file.encoding=Cp1251 
2017/01/26 11:28:07 INFO  - jmeter.JMeter: Max memory     =2134376448 
2017/01/26 11:28:07 INFO  - jmeter.JMeter: Available Processors =8 
2017/01/26 11:28:07 INFO  - jmeter.JMeter: Default Locale=русский (Россия) 
2017/01/26 11:28:07 INFO  - jmeter.JMeter: JMeter  Locale=русский (Россия) 
2017/01/26 11:28:07 INFO  - jmeter.JMeter: JMeterHome=C:\test\apache-jmeter-3.0 
2017/01/26 11:28:07 INFO  - jmeter.JMeter: user.dir  =E:\disk\project-webdriver\motiw-GUI-WebDriver — копия 
2017/01/26 11:28:07 INFO  - jmeter.JMeter: PWD       =E:\disk\project-webdriver\motiw-GUI-WebDriver — копия 
2017/01/26 11:28:07 INFO  - jmeter.JMeter: IP: 172.22.244.42 Name: Skrobov FullName: Skrobov 
2017/01/26 11:28:07 INFO  - jmeter.gui.action.LookAndFeelCommand: Using look and feel: javax.swing.plaf.metal.MetalLookAndFeel [Metal, CrossPlatform] 
2017/01/26 11:28:07 INFO  - jmeter.JMeter: Loaded icon properties from org/apache/jmeter/images/icon.properties 
2017/01/26 11:28:08 INFO  - jmeter.engine.util.CompoundVariable: Note: Function class names must contain the string: '.functions.' 
2017/01/26 11:28:08 INFO  - jmeter.engine.util.CompoundVariable: Note: Function class names must not contain the string: '.gui.' 
2017/01/26 11:28:08 INFO  - jmeter.util.BSFTestElement: Registering JMeter version of JavaScript engine as work-round for BSF-22 
2017/01/26 11:28:09 INFO  - jmeter.protocol.http.sampler.HTTPSamplerBase: Parser for text/html is org.apache.jmeter.protocol.http.parser.LagartoBasedHtmlParser 
2017/01/26 11:28:09 INFO  - jmeter.protocol.http.sampler.HTTPSamplerBase: Parser for application/xhtml+xml is org.apache.jmeter.protocol.http.parser.LagartoBasedHtmlParser 
2017/01/26 11:28:09 INFO  - jmeter.protocol.http.sampler.HTTPSamplerBase: Parser for application/xml is org.apache.jmeter.protocol.http.parser.LagartoBasedHtmlParser 
2017/01/26 11:28:09 INFO  - jmeter.protocol.http.sampler.HTTPSamplerBase: Parser for text/xml is org.apache.jmeter.protocol.http.parser.LagartoBasedHtmlParser 
2017/01/26 11:28:09 INFO  - jmeter.protocol.http.sampler.HTTPSamplerBase: Parser for text/vnd.wap.wml is org.apache.jmeter.protocol.http.parser.RegexpHTMLParser 
2017/01/26 11:28:09 INFO  - jmeter.protocol.http.sampler.HTTPSamplerBase: Parser for text/css is org.apache.jmeter.protocol.http.parser.CssParser 
2017/01/26 11:28:09 INFO  - jorphan.exec.KeyToolUtils: keytool found at 'C:\Program Files\Java\jre1.8.0_111\bin\keytool' 
2017/01/26 11:28:09 INFO  - jmeter.protocol.http.proxy.ProxyControl: HTTP(S) Test Script Recorder SSL Proxy will use keys that support embedded 3rd party resources in file C:\test\apache-jmeter-3.0\bin\proxyserver.jks 
2017/01/26 11:28:10 INFO  - jmeter.gui.util.MenuFactory: Skipping org.apache.jmeter.protocol.mongodb.config.MongoSourceElement 
2017/01/26 11:28:10 INFO  - jmeter.gui.util.MenuFactory: Skipping org.apache.jmeter.protocol.mongodb.sampler.MongoScriptSampler 
2017/01/26 11:28:10 INFO  - jmeter.gui.util.MenuFactory: Skipping org.apache.jmeter.visualizers.DistributionGraphVisualizer 
2017/01/26 11:28:10 INFO  - jmeter.samplers.SampleResult: Note: Sample TimeStamps are START times 
2017/01/26 11:28:10 INFO  - jmeter.samplers.SampleResult: sampleresult.default.encoding is set to ISO-8859-1 
2017/01/26 11:28:10 INFO  - jmeter.samplers.SampleResult: sampleresult.useNanoTime=true 
2017/01/26 11:28:10 INFO  - jmeter.samplers.SampleResult: sampleresult.nanoThreadSleep=5000 
2017/01/26 11:28:10 INFO  - jmeter.gui.util.MenuFactory: Skipping org.apache.jmeter.visualizers.SplineVisualizer 
2017/01/26 11:28:32 INFO  - jmeter.services.FileServer: Default base='E:\disk\project-webdriver\motiw-GUI-WebDriver — копия' 
2017/01/26 11:28:32 INFO  - jmeter.gui.action.Load: Loading file: C:\test\apache-jmeter-3.0\backups\createTask-000002.jmx 
2017/01/26 11:28:32 INFO  - jmeter.services.FileServer: Set new base='C:\test\apache-jmeter-3.0\backups' 
2017/01/26 11:28:32 INFO  - jmeter.save.SaveService: Testplan (JMX) version: 2.2. Testlog (JTL) version: 2.2 
2017/01/26 11:28:32 INFO  - jmeter.save.SaveService: Using SaveService properties file encoding UTF-8 
2017/01/26 11:28:32 INFO  - jmeter.save.SaveService: Using SaveService properties version 2.9 
2017/01/26 11:28:32 INFO  - jmeter.save.SaveService: All converter versions present and correct 
2017/01/26 11:28:32 INFO  - jmeter.save.SaveService: Loading file: C:\test\apache-jmeter-3.0\backups\createTask-000002.jmx 
2017/01/26 11:28:32 INFO  - jmeter.protocol.http.control.CookieManager: Settings: Delete null: true Check: true Allow variable: true Save: false Prefix: COOKIE_ 
2017/01/26 11:28:32 INFO  - jmeter.services.FileServer: Set new base='C:\test\apache-jmeter-3.0\backups' 
2017/01/26 11:28:34 INFO  - jmeter.engine.StandardJMeterEngine: Running the test! 
2017/01/26 11:28:34 INFO  - jmeter.samplers.SampleEvent: List of sample_variables: [] 
2017/01/26 11:28:34 INFO  - jmeter.samplers.SampleEvent: List of sample_variables: [] 
2017/01/26 11:28:34 INFO  - jmeter.gui.util.JMeterMenuBar: setRunning(true,*local*) 
2017/01/26 11:28:34 INFO  - jmeter.engine.StandardJMeterEngine: Starting ThreadGroup: 1 : Генерация объекта - Задачи 
2017/01/26 11:28:34 INFO  - jmeter.engine.StandardJMeterEngine: Starting 1 threads for group Генерация объекта - Задачи. 
2017/01/26 11:28:34 INFO  - jmeter.engine.StandardJMeterEngine: Thread will continue on error 
2017/01/26 11:28:34 INFO  - jmeter.threads.ThreadGroup: Starting thread group number 1 threads 1 ramp-up 3 perThread 3000.0 delayedStart=false 
2017/01/26 11:28:34 INFO  - jmeter.threads.ThreadGroup: Started thread group number 1 
2017/01/26 11:28:34 INFO  - jmeter.engine.StandardJMeterEngine: All thread groups have been started 
2017/01/26 11:28:34 INFO  - jmeter.threads.JMeterThread: Thread started: Генерация объекта - Задачи 1-1 
2017/01/26 11:28:34 INFO  - jmeter.services.FileServer: Stored: C:\Users\ЕВГЕНИЙ\workplace\JMeter-to-generate-data\user_only_admin.csv 
2017/01/26 11:28:35 INFO  - jmeter.protocol.http.sampler.HTTPHCAbstractImpl: Local host = Skrobov 
2017/01/26 11:28:35 INFO  - jmeter.protocol.http.sampler.HTTPHC4Impl: HTTP request retry count = 0 
2017/01/26 11:29:25 INFO  - jmeter.gui.action.Start: Stopping test 
2017/01/26 11:29:25 INFO  - jmeter.threads.JMeterThread: Stopping: Генерация объекта - Задачи 1-1 
2017/01/26 11:29:25 WARN  - jmeter.threads.JMeterThread: Interrupting: Генерация объекта - Задачи 1-1 sampler: 155 /user/unionmessage/0/getTaskTypeFieldsInfo 
2017/01/26 11:29:25 INFO  - jmeter.threads.JMeterThread: Thread finished: Генерация объекта - Задачи 1-1 
2017/01/26 11:29:25 INFO  - jmeter.engine.StandardJMeterEngine: Notifying test listeners of end of test 
2017/01/26 11:29:25 INFO  - jmeter.services.FileServer: Close: C:\Users\ЕВГЕНИЙ\workplace\JMeter-to-generate-data\user_only_admin.csv 
2017/01/26 11:29:25 INFO  - jmeter.gui.util.JMeterMenuBar: setRunning(false,*local*) 
2017/01/26 11:34:05 INFO  - jmeter.engine.StandardJMeterEngine: Running the test! 
2017/01/26 11:34:05 INFO  - jmeter.samplers.SampleEvent: List of sample_variables: [] 
2017/01/26 11:34:05 INFO  - jmeter.gui.util.JMeterMenuBar: setRunning(true,*local*) 
2017/01/26 11:34:05 INFO  - jmeter.engine.StandardJMeterEngine: Starting ThreadGroup: 1 : Генерация объекта - Задачи 
2017/01/26 11:34:05 INFO  - jmeter.engine.StandardJMeterEngine: Starting 1 threads for group Генерация объекта - Задачи. 
2017/01/26 11:34:05 INFO  - jmeter.engine.StandardJMeterEngine: Thread will continue on error 
2017/01/26 11:34:05 INFO  - jmeter.threads.ThreadGroup: Starting thread group number 1 threads 1 ramp-up 3 perThread 3000.0 delayedStart=false 
2017/01/26 11:34:06 INFO  - jmeter.threads.ThreadGroup: Started thread group number 1 
2017/01/26 11:34:06 INFO  - jmeter.engine.StandardJMeterEngine: All thread groups have been started 
2017/01/26 11:34:06 INFO  - jmeter.threads.JMeterThread: Thread started: Генерация объекта - Задачи 1-1 
2017/01/26 11:34:06 INFO  - jmeter.services.FileServer: Stored: C:\Users\ЕВГЕНИЙ\workplace\JMeter-to-generate-data\user_only_admin.csv 
